Using profile cubi-v1 for setting default command line arguments.
Building DAG of jobs...
Launch sidecar process and read first output line.
Done reading first output line.
Using shell: /usr/bin/bash
Provided cluster nodes: 2
Job stats:
job                count
---------------  -------
all                    1
rmd_integration        1
total                  2

Select jobs to execute...

[Fri Jan 26 09:23:59 2024]
rule rmd_integration:
    input: integration.Rmd, all_samples.txt, out_rds/sobj.separate.cc.rds
    output: out/integration.html
    jobid: 2
    reason: Missing output files: out/integration.html
    resources: mem_mb=100G, disk_mb=1000, disk_mib=954, tmpdir=<TBD>, time=04:00:00, partition=highmem

sbatch:  
Submitted job 2 with external jobid '3501460'.
[Fri Jan 26 12:01:03 2024]
Finished job 2.
1 of 2 steps (50%) done
Select jobs to execute...

[Fri Jan 26 12:01:03 2024]
localrule all:
    input: out/initial_analysis.html, out/integration.html, out_rds/sobj.separate.cc.rds
    jobid: 0
    reason: Input files updated by another job: out/integration.html
    resources: mem_mb=1000, mem_mib=954, disk_mb=1000, disk_mib=954, tmpdir=/fast/users/milekm_c/scratch/tmp

[Fri Jan 26 12:01:03 2024]
Finished job 0.
2 of 2 steps (100%) done
Cluster sidecar process has terminated (retcode=0).
Complete log: .snakemake/log/2024-01-26T092353.161267.snakemake.log
